2025-09-03 17:43:30,792 - INFO - Test INFO message
2025-09-03 17:43:32,115 - INFO - Placed BUY order for 0.009 BTCUSDT -> response: {'orderId': 5637442242, 'symbol': 'BTCUSDT', 'status': 'NEW', 'clientOrderId': 'GBUETCkgO3HP3jDbdZmGB0', 'price': '0.00', 'avgPrice': '0.00', 'origQty': '0.009', 'executedQty': '0.000', 'cumQty': '0.000', 'cumQuote': '0.00000', 'timeInForce': 'GTC', 'type': 'MARKET', 'reduceOnly': False, 'closePosition': False, 'side': 'BUY', 'positionSide': 'BOTH', 'stopPrice': '0.00', 'workingType': 'CONTRACT_PRICE', 'priceProtect': False, 'origType': 'MARKET', 'priceMatch': 'NONE', 'selfTradePreventionMode': 'EXPIRE_MAKER', 'goodTillDate': 0, 'updateTime': 1756901612846}
2025-09-03 17:43:33,282 - INFO - Placed BUY order for 0.001 BTCUSDT -> response: {'orderId': 5637442292, 'symbol': 'BTCUSDT', 'status': 'NEW', 'clientOrderId': '3qUEMr5Y5HVieBciCRJg3L', 'price': '0.00', 'avgPrice': '0.00', 'origQty': '0.001', 'executedQty': '0.000', 'cumQty': '0.000', 'cumQuote': '0.00000', 'timeInForce': 'GTC', 'type': 'MARKET', 'reduceOnly': False, 'closePosition': False, 'side': 'BUY', 'positionSide': 'BOTH', 'stopPrice': '0.00', 'workingType': 'CONTRACT_PRICE', 'priceProtect': False, 'origType': 'MARKET', 'priceMatch': 'NONE', 'selfTradePreventionMode': 'EXPIRE_MAKER', 'goodTillDate': 0, 'updateTime': 1756901614031}
2025-09-03 17:44:37,060 - INFO - Test INFO message
2025-09-03 17:44:38,263 - INFO - Placed BUY order for 0.001 BTCUSDT -> response: {'orderId': 5637444897, 'symbol': 'BTCUSDT', 'status': 'NEW', 'clientOrderId': 'sdbZOWu6gYJziiNBcBWUxV', 'price': '0.00', 'avgPrice': '0.00', 'origQty': '0.001', 'executedQty': '0.000', 'cumQty': '0.000', 'cumQuote': '0.00000', 'timeInForce': 'GTC', 'type': 'MARKET', 'reduceOnly': False, 'closePosition': False, 'side': 'BUY', 'positionSide': 'BOTH', 'stopPrice': '0.00', 'workingType': 'CONTRACT_PRICE', 'priceProtect': False, 'origType': 'MARKET', 'priceMatch': 'NONE', 'selfTradePreventionMode': 'EXPIRE_MAKER', 'goodTillDate': 0, 'updateTime': 1756901678968}
2025-09-03 17:45:15,352 - INFO - Test INFO message
2025-09-03 17:45:46,337 - INFO - Test INFO message
2025-09-03 17:46:41,385 - INFO - Test INFO message
2025-09-03 17:46:42,580 - INFO - Placed LIMIT SELL order for 0.002 BTCUSDT at 60000.0 -> response: {'orderId': 5637449139, 'symbol': 'BTCUSDT', 'status': 'NEW', 'clientOrderId': 'haoackGFdZhPVx334GjnCV', 'price': '60000.00', 'avgPrice': '0.00', 'origQty': '0.002', 'executedQty': '0.000', 'cumQty': '0.000', 'cumQuote': '0.00000', 'timeInForce': 'GTC', 'type': 'LIMIT', 'reduceOnly': False, 'closePosition': False, 'side': 'SELL', 'positionSide': 'BOTH', 'stopPrice': '0.00', 'workingType': 'CONTRACT_PRICE', 'priceProtect': False, 'origType': 'LIMIT', 'priceMatch': 'NONE', 'selfTradePreventionMode': 'EXPIRE_MAKER', 'goodTillDate': 0, 'updateTime': 1756901803264}
2025-09-03 17:47:06,168 - INFO - Test INFO message
2025-09-03 17:47:07,370 - INFO - Placed BUY order for 0.001 BTCUSDT -> response: {'orderId': 5637449834, 'symbol': 'BTCUSDT', 'status': 'NEW', 'clientOrderId': 'wDEjPakv4sCXabmUi2zn0o', 'price': '0.00', 'avgPrice': '0.00', 'origQty': '0.001', 'executedQty': '0.000', 'cumQty': '0.000', 'cumQuote': '0.00000', 'timeInForce': 'GTC', 'type': 'MARKET', 'reduceOnly': False, 'closePosition': False, 'side': 'BUY', 'positionSide': 'BOTH', 'stopPrice': '0.00', 'workingType': 'CONTRACT_PRICE', 'priceProtect': False, 'origType': 'MARKET', 'priceMatch': 'NONE', 'selfTradePreventionMode': 'EXPIRE_MAKER', 'goodTillDate': 0, 'updateTime': 1756901828041}
2025-09-03 17:47:37,505 - INFO - Test INFO message
2025-09-03 17:47:38,594 - INFO - Placed BUY order for 0.001 BTCUSDT -> response: {'orderId': 5637451039, 'symbol': 'BTCUSDT', 'status': 'NEW', 'clientOrderId': 'Zxzmuzx5I15qXheclYC4Uc', 'price': '0.00', 'avgPrice': '0.00', 'origQty': '0.001', 'executedQty': '0.000', 'cumQty': '0.000', 'cumQuote': '0.00000', 'timeInForce': 'GTC', 'type': 'MARKET', 'reduceOnly': False, 'closePosition': False, 'side': 'BUY', 'positionSide': 'BOTH', 'stopPrice': '0.00', 'workingType': 'CONTRACT_PRICE', 'priceProtect': False, 'origType': 'MARKET', 'priceMatch': 'NONE', 'selfTradePreventionMode': 'EXPIRE_MAKER', 'goodTillDate': 0, 'updateTime': 1756901859329}
2025-09-03 17:48:24,751 - INFO - Test INFO message
2025-09-03 17:48:25,918 - INFO - Placed BUY order for 0.001 BTCUSDT -> response: {'orderId': 5637452345, 'symbol': 'BTCUSDT', 'status': 'NEW', 'clientOrderId': 'pzDV5H384OaTa2NIuu6BHl', 'price': '0.00', 'avgPrice': '0.00', 'origQty': '0.001', 'executedQty': '0.000', 'cumQty': '0.000', 'cumQuote': '0.00000', 'timeInForce': 'GTC', 'type': 'MARKET', 'reduceOnly': False, 'closePosition': False, 'side': 'BUY', 'positionSide': 'BOTH', 'stopPrice': '0.00', 'workingType': 'CONTRACT_PRICE', 'priceProtect': False, 'origType': 'MARKET', 'priceMatch': 'NONE', 'selfTradePreventionMode': 'EXPIRE_MAKER', 'goodTillDate': 0, 'updateTime': 1756901906645}
2025-09-03 17:49:00,090 - INFO - Test INFO message
2025-09-03 17:49:01,238 - INFO - Placed BUY order for 0.001 BTCUSDT -> response: {'orderId': 5637453476, 'symbol': 'BTCUSDT', 'status': 'NEW', 'clientOrderId': 'nu8G8yy2GzAegdbfYsGcLo', 'price': '0.00', 'avgPrice': '0.00', 'origQty': '0.001', 'executedQty': '0.000', 'cumQty': '0.000', 'cumQuote': '0.00000', 'timeInForce': 'GTC', 'type': 'MARKET', 'reduceOnly': False, 'closePosition': False, 'side': 'BUY', 'positionSide': 'BOTH', 'stopPrice': '0.00', 'workingType': 'CONTRACT_PRICE', 'priceProtect': False, 'origType': 'MARKET', 'priceMatch': 'NONE', 'selfTradePreventionMode': 'EXPIRE_MAKER', 'goodTillDate': 0, 'updateTime': 1756901941939}
2025-09-03 17:53:00,569 - INFO - Test INFO message
2025-09-03 17:53:56,144 - INFO - Test INFO message
2025-09-03 17:59:38,054 - INFO - Test INFO message
2025-09-03 18:00:12,057 - INFO - Test INFO message
2025-09-03 18:01:26,442 - INFO - Test INFO message
2025-09-03 18:02:44,691 - INFO - Test INFO message
2025-09-03 18:02:45,795 - INFO - Placed LIMIT SELL order for 0.002 BTCUSDT at 60000.0 -> response: {'orderId': 5637482603, 'symbol': 'BTCUSDT', 'status': 'NEW', 'clientOrderId': 'n91dtrQG4NvqAHRXQLJQOQ', 'price': '60000.00', 'avgPrice': '0.00', 'origQty': '0.002', 'executedQty': '0.000', 'cumQty': '0.000', 'cumQuote': '0.00000', 'timeInForce': 'GTC', 'type': 'LIMIT', 'reduceOnly': False, 'closePosition': False, 'side': 'SELL', 'positionSide': 'BOTH', 'stopPrice': '0.00', 'workingType': 'CONTRACT_PRICE', 'priceProtect': False, 'origType': 'LIMIT', 'priceMatch': 'NONE', 'selfTradePreventionMode': 'EXPIRE_MAKER', 'goodTillDate': 0, 'updateTime': 1756902766563}
2025-09-03 18:02:49,511 - INFO - Test INFO message
2025-09-03 18:46:34,592 - INFO - Test INFO message
2025-09-03 18:47:17,028 - INFO - Test INFO message
2025-09-03 18:48:07,991 - INFO - Test INFO message
2025-09-03 18:48:09,301 - INFO - Placed LIMIT SELL order for 0.002 BTCUSDT at 60000.0 -> response: {'orderId': 5637582116, 'symbol': 'BTCUSDT', 'status': 'NEW', 'clientOrderId': 'FpPg1snSrLtsRl4yQ5GXRA', 'price': '60000.00', 'avgPrice': '0.00', 'origQty': '0.002', 'executedQty': '0.000', 'cumQty': '0.000', 'cumQuote': '0.00000', 'timeInForce': 'GTC', 'type': 'LIMIT', 'reduceOnly': False, 'closePosition': False, 'side': 'SELL', 'positionSide': 'BOTH', 'stopPrice': '0.00', 'workingType': 'CONTRACT_PRICE', 'priceProtect': False, 'origType': 'LIMIT', 'priceMatch': 'NONE', 'selfTradePreventionMode': 'EXPIRE_MAKER', 'goodTillDate': 0, 'updateTime': 1756905490610}
2025-09-03 18:53:42,553 - INFO - Test INFO message
2025-09-03 18:54:02,557 - INFO - Test INFO message
2025-09-03 18:55:23,331 - INFO - Test INFO message
2025-09-03 18:55:24,103 - INFO - Placed BUY order for 0.001 BTCUSDT -> response: {'orderId': 5637594578, 'symbol': 'BTCUSDT', 'status': 'NEW', 'clientOrderId': 'p4xOLsmvYswHYRQVXnPlh6', 'price': '0.00', 'avgPrice': '0.00', 'origQty': '0.001', 'executedQty': '0.000', 'cumQty': '0.000', 'cumQuote': '0.00000', 'timeInForce': 'GTC', 'type': 'MARKET', 'reduceOnly': False, 'closePosition': False, 'side': 'BUY', 'positionSide': 'BOTH', 'stopPrice': '0.00', 'workingType': 'CONTRACT_PRICE', 'priceProtect': False, 'origType': 'MARKET', 'priceMatch': 'NONE', 'selfTradePreventionMode': 'EXPIRE_MAKER', 'goodTillDate': 0, 'updateTime': 1756905925527}
2025-09-03 18:55:40,772 - INFO - Test INFO message
2025-09-03 18:55:41,558 - INFO - Placed LIMIT SELL order for 0.002 BTCUSDT at 60000.0 -> response: {'orderId': 5637595009, 'symbol': 'BTCUSDT', 'status': 'NEW', 'clientOrderId': 'QSo3z2qw7EnGHRyo5aF7qK', 'price': '60000.00', 'avgPrice': '0.00', 'origQty': '0.002', 'executedQty': '0.000', 'cumQty': '0.000', 'cumQuote': '0.00000', 'timeInForce': 'GTC', 'type': 'LIMIT', 'reduceOnly': False, 'closePosition': False, 'side': 'SELL', 'positionSide': 'BOTH', 'stopPrice': '0.00', 'workingType': 'CONTRACT_PRICE', 'priceProtect': False, 'origType': 'LIMIT', 'priceMatch': 'NONE', 'selfTradePreventionMode': 'EXPIRE_MAKER', 'goodTillDate': 0, 'updateTime': 1756905942980}
2025-09-03 18:56:11,691 - INFO - Test INFO message
2025-09-03 18:56:37,225 - INFO - Test INFO message
2025-09-03 18:58:15,447 - INFO - Test INFO message
2025-09-03 18:59:02,182 - INFO - Test INFO message
2025-09-03 19:03:49,071 - INFO - Test INFO message
2025-09-03 19:03:50,974 - INFO - Placed LIMIT SELL order for 0.002 BTCUSDT at 30000.0 -> response: {'code': -4024, 'msg': "Limit price can't be lower than 55710.06."}
2025-09-03 19:04:31,942 - INFO - Test INFO message
2025-09-03 19:04:33,678 - INFO - Placed LIMIT SELL order for 0.002 BTCUSDT at 60000.0 -> response: {'orderId': 5637609670, 'symbol': 'BTCUSDT', 'status': 'NEW', 'clientOrderId': 'z5LOko7NcemUeuz3cF9wdJ', 'price': '60000.00', 'avgPrice': '0.00', 'origQty': '0.002', 'executedQty': '0.000', 'cumQty': '0.000', 'cumQuote': '0.00000', 'timeInForce': 'GTC', 'type': 'LIMIT', 'reduceOnly': False, 'closePosition': False, 'side': 'SELL', 'positionSide': 'BOTH', 'stopPrice': '0.00', 'workingType': 'CONTRACT_PRICE', 'priceProtect': False, 'origType': 'LIMIT', 'priceMatch': 'NONE', 'selfTradePreventionMode': 'EXPIRE_MAKER', 'goodTillDate': 0, 'updateTime': 1756906475090}
2025-09-03 19:04:41,147 - INFO - Test INFO message
2025-09-03 19:05:13,500 - INFO - Test INFO message
2025-09-03 19:05:15,374 - INFO - Placed LIMIT SELL order for 0.001 BTCUSDT at 30000.0 -> response: {'code': -4024, 'msg': "Limit price can't be lower than 55758.06."}
2025-09-03 19:05:43,487 - INFO - Test INFO message
2025-09-03 19:05:45,366 - INFO - Placed LIMIT SELL order for 0.002 BTCUSDT at 60000.0 -> response: {'orderId': 5637611642, 'symbol': 'BTCUSDT', 'status': 'NEW', 'clientOrderId': 'AGfZa9Dv3qIj4sN5RWArar', 'price': '60000.00', 'avgPrice': '0.00', 'origQty': '0.002', 'executedQty': '0.000', 'cumQty': '0.000', 'cumQuote': '0.00000', 'timeInForce': 'GTC', 'type': 'LIMIT', 'reduceOnly': False, 'closePosition': False, 'side': 'SELL', 'positionSide': 'BOTH', 'stopPrice': '0.00', 'workingType': 'CONTRACT_PRICE', 'priceProtect': False, 'origType': 'LIMIT', 'priceMatch': 'NONE', 'selfTradePreventionMode': 'EXPIRE_MAKER', 'goodTillDate': 0, 'updateTime': 1756906546771}
2025-09-03 19:05:59,294 - INFO - Test INFO message
2025-09-03 19:07:20,751 - INFO - Test INFO message
2025-09-03 19:07:21,514 - INFO - Placed LIMIT BUY order for 0.001 BTCUSDT at 59050.0 -> response: {'code': -4164, 'msg': "Order's notional must be no smaller than 100 (unless you choose reduce only)."}
2025-09-03 19:08:38,532 - INFO - Test INFO message
2025-09-03 19:08:39,642 - INFO - Placed LIMIT BUY order for 0.002 BTCUSDT at 59050.0 -> response: {'orderId': 5637617253, 'symbol': 'BTCUSDT', 'status': 'NEW', 'clientOrderId': 'e97NAz7Bne2EvmRCfChF6H', 'price': '59050.00', 'avgPrice': '0.00', 'origQty': '0.002', 'executedQty': '0.000', 'cumQty': '0.000', 'cumQuote': '0.00000', 'timeInForce': 'GTC', 'type': 'LIMIT', 'reduceOnly': False, 'closePosition': False, 'side': 'BUY', 'positionSide': 'BOTH', 'stopPrice': '0.00', 'workingType': 'CONTRACT_PRICE', 'priceProtect': False, 'origType': 'LIMIT', 'priceMatch': 'NONE', 'selfTradePreventionMode': 'EXPIRE_MAKER', 'goodTillDate': 0, 'updateTime': 1756906721046}
2025-09-03 19:09:09,295 - INFO - Test INFO message
2025-09-03 19:10:56,957 - INFO - Test INFO message
2025-09-03 19:11:04,774 - INFO - Test INFO message
2025-09-03 19:11:05,529 - INFO - Placed LIMIT BUY order for 0.002 BTCUSDT at 59050.0 -> response: {'orderId': 5637621370, 'symbol': 'BTCUSDT', 'status': 'NEW', 'clientOrderId': 'RVwxLqfnMA4fTX5tv1b1XT', 'price': '59050.00', 'avgPrice': '0.00', 'origQty': '0.002', 'executedQty': '0.000', 'cumQty': '0.000', 'cumQuote': '0.00000', 'timeInForce': 'GTC', 'type': 'LIMIT', 'reduceOnly': False, 'closePosition': False, 'side': 'BUY', 'positionSide': 'BOTH', 'stopPrice': '0.00', 'workingType': 'CONTRACT_PRICE', 'priceProtect': False, 'origType': 'LIMIT', 'priceMatch': 'NONE', 'selfTradePreventionMode': 'EXPIRE_MAKER', 'goodTillDate': 0, 'updateTime': 1756906866931}
2025-09-03 19:11:09,734 - INFO - Test INFO message
2025-09-03 19:12:21,510 - INFO - Test INFO message
2025-09-03 19:12:22,285 - INFO - Placed LIMIT BUY order for 0.002 BTCUSDT at 59050.0 -> response: {'orderId': 5637623729, 'symbol': 'BTCUSDT', 'status': 'NEW', 'clientOrderId': 'lseRCg01FgEw4g8lMXp44F', 'price': '59050.00', 'avgPrice': '0.00', 'origQty': '0.002', 'executedQty': '0.000', 'cumQty': '0.000', 'cumQuote': '0.00000', 'timeInForce': 'GTC', 'type': 'LIMIT', 'reduceOnly': False, 'closePosition': False, 'side': 'BUY', 'positionSide': 'BOTH', 'stopPrice': '0.00', 'workingType': 'CONTRACT_PRICE', 'priceProtect': False, 'origType': 'LIMIT', 'priceMatch': 'NONE', 'selfTradePreventionMode': 'EXPIRE_MAKER', 'goodTillDate': 0, 'updateTime': 1756906943686}
2025-09-03 19:12:33,795 - INFO - Test INFO message
2025-09-03 19:15:57,699 - INFO - Test INFO message
2025-09-03 19:24:55,684 - INFO - Test INFO message
2025-09-03 19:24:56,478 - INFO - Placed LIMIT BUY order for 0.002 BTCUSDT at 59050.0 -> response: {'orderId': 5637652100, 'symbol': 'BTCUSDT', 'status': 'NEW', 'clientOrderId': 'wIYKkJbqMhJik6zBNy0uvl', 'price': '59050.00', 'avgPrice': '0.00', 'origQty': '0.002', 'executedQty': '0.000', 'cumQty': '0.000', 'cumQuote': '0.00000', 'timeInForce': 'GTC', 'type': 'LIMIT', 'reduceOnly': False, 'closePosition': False, 'side': 'BUY', 'positionSide': 'BOTH', 'stopPrice': '0.00', 'workingType': 'CONTRACT_PRICE', 'priceProtect': False, 'origType': 'LIMIT', 'priceMatch': 'NONE', 'selfTradePreventionMode': 'EXPIRE_MAKER', 'goodTillDate': 0, 'updateTime': 1756907697863}
2025-09-03 19:25:20,229 - INFO - Test INFO message
2025-09-03 19:25:21,380 - INFO - Placed LIMIT SELL order for 0.002 BTCUSDT at 60000.0 -> response: {'orderId': 5637652890, 'symbol': 'BTCUSDT', 'status': 'NEW', 'clientOrderId': 'WyGHhCLLrXBKKnZU0YGqC3', 'price': '60000.00', 'avgPrice': '0.00', 'origQty': '0.002', 'executedQty': '0.000', 'cumQty': '0.000', 'cumQuote': '0.00000', 'timeInForce': 'GTC', 'type': 'LIMIT', 'reduceOnly': False, 'closePosition': False, 'side': 'SELL', 'positionSide': 'BOTH', 'stopPrice': '0.00', 'workingType': 'CONTRACT_PRICE', 'priceProtect': False, 'origType': 'LIMIT', 'priceMatch': 'NONE', 'selfTradePreventionMode': 'EXPIRE_MAKER', 'goodTillDate': 0, 'updateTime': 1756907722652}
2025-09-03 19:25:36,574 - INFO - Test INFO message
2025-09-03 19:25:37,661 - INFO - Placed LIMIT SELL order for 0.001 BTCUSDT at 30000.0 -> response: {'code': -4024, 'msg': "Limit price can't be lower than 55688.61."}
2025-09-03 19:29:38,048 - INFO - Test INFO message
2025-09-03 19:29:39,232 - INFO - Placed BUY order for 0.001 BTCUSDT -> response: {'orderId': 5637661369, 'symbol': 'BTCUSDT', 'status': 'NEW', 'clientOrderId': '23nk2Dg8SB95UfugEpvEt7', 'price': '0.00', 'avgPrice': '0.00', 'origQty': '0.001', 'executedQty': '0.000', 'cumQty': '0.000', 'cumQuote': '0.00000', 'timeInForce': 'GTC', 'type': 'MARKET', 'reduceOnly': False, 'closePosition': False, 'side': 'BUY', 'positionSide': 'BOTH', 'stopPrice': '0.00', 'workingType': 'CONTRACT_PRICE', 'priceProtect': False, 'origType': 'MARKET', 'priceMatch': 'NONE', 'selfTradePreventionMode': 'EXPIRE_MAKER', 'goodTillDate': 0, 'updateTime': 1756907980506}
2025-09-03 19:29:52,832 - INFO - Test INFO message
2025-09-03 19:29:53,972 - INFO - SUCCESS: MARKET BUY 0.001 BTCUSDT (orderId=5637661944)
2025-09-03 19:30:37,774 - INFO - Test INFO message
2025-09-03 19:30:38,624 - INFO - Placed LIMIT SELL order for 0.001 BTCUSDT at 30000.0 -> response: {'code': -4024, 'msg': "Limit price can't be lower than 55781.35."}
2025-09-03 19:32:22,123 - INFO - Test INFO message
2025-09-03 19:32:22,882 - INFO - Placed LIMIT SELL order for 0.001 BTCUSDT at 30000.0 -> response: {'code': -4024, 'msg': "Limit price can't be lower than 55781.82."}
2025-09-03 19:37:14,549 - INFO - Test INFO message
2025-09-03 19:38:02,452 - INFO - Test INFO message
2025-09-03 19:38:03,197 - INFO - SUCCESS: LIMIT SELL 0.002 BTCUSDT @ 60000.0 (orderId=5637678519)
2025-09-03 19:38:19,377 - INFO - Test INFO message
2025-09-03 19:40:41,722 - INFO - Test INFO message
2025-09-03 19:42:35,340 - INFO - Test INFO message
2025-09-03 19:44:26,369 - INFO - Test INFO message
2025-09-03 19:44:27,115 - INFO - SUCCESS: MARKET BUY 0.001 BTCUSDT (orderId=5637694018)
2025-09-03 19:44:41,462 - INFO - Test INFO message
2025-09-03 19:44:42,531 - INFO - SUCCESS: MARKET BUY 0.001 BTCUSDT (orderId=5637694587)
